<?xml version="1.0" encoding="UTF-8"?>
<!-- Generated by org.testng.reporters.JUnitReportReporter -->
<testsuite hostname="LAPTOP-S0IS0QVR" failures="0" tests="1" name="QAclass.Validation" time="0.368" errors="0" timestamp="2020-07-17T18:22:00 IST" skipped="0">
  <testcase classname="QAclass.Validation" name="valid" time="0.368"/>
  <system-out/>
</testsuite> <!-- QAclass.Validation -->
