<?xml version="1.0" encoding="UTF-8"?>
<!-- Generated by org.testng.reporters.JUnitReportReporter -->
<testsuite hostname="LAPTOP-S0IS0QVR" failures="0" tests="1" name="QAclass.Alerts" time="6.153" errors="0" timestamp="2020-07-16T15:43:40 IST" skipped="0">
  <testcase classname="QAclass.Alerts" name="alerts" time="6.153"/>
  <system-out/>
</testsuite> <!-- QAclass.Alerts -->
