<?xml version="1.0" encoding="UTF-8"?>
<!-- Generated by org.testng.reporters.JUnitReportReporter -->
<testsuite hostname="LAPTOP-S0IS0QVR" failures="0" tests="3" name="QAclass.Information_Commands" time="0.208" errors="0" timestamp="2020-07-16T18:02:08 IST" skipped="0">
  <testcase classname="QAclass.Information_Commands" name="google_image" time="0.106"/>
  <system-out/>
  <testcase classname="QAclass.Information_Commands" name="searchbutton" time="0.039"/>
  <system-out/>
  <testcase classname="QAclass.Information_Commands" name="gmail" time="0.063"/>
  <system-out/>
</testsuite> <!-- QAclass.Information_Commands -->
