<?xml version="1.0" encoding="UTF-8"?>
<!-- Generated by org.testng.reporters.JUnitReportReporter -->
<testsuite hostname="LAPTOP-S0IS0QVR" failures="0" tests="1" name="QAclass.Screenshot" time="6.502" errors="0" timestamp="2020-07-19T08:24:07 IST" skipped="0">
  <testcase classname="QAclass.Screenshot" name="alerts" time="6.502"/>
  <system-out/>
</testsuite> <!-- QAclass.Screenshot -->
